2020-08-11 12:57:06,546::[WARNING]::pnl::41 — Sim ID: 90_5
2020-08-11 12:57:06,546::[INFO]::util::218 — -------------------------- CONFIG ----------------------------
2020-08-11 12:57:06,546::[INFO]::util::219 — Current working directory: /home/sb/projects/econ-ark/markets/PNLforSebastian
2020-08-11 12:57:06,547::[INFO]::util::220 — [DEFAULT]
2020-08-11 12:57:06,547::[INFO]::util::223 — logdebug=10
2020-08-11 12:57:06,547::[INFO]::util::223 — logdir=/home/sb/projects/econ-ark/markets/PNLforSebastian/out/logs
2020-08-11 12:57:06,547::[INFO]::util::223 — logerror=40
2020-08-11 12:57:06,547::[INFO]::util::223 — logfatal=50
2020-08-11 12:57:06,547::[INFO]::util::223 — loginfo=20
2020-08-11 12:57:06,547::[INFO]::util::223 — lognotset=0
2020-08-11 12:57:06,547::[INFO]::util::223 — logwarn=30
2020-08-11 12:57:06,547::[INFO]::util::223 — parallelcores=6
2020-08-11 12:57:06,547::[INFO]::util::223 — pythondir=/home/sb/projects/econ-ark/markets/PNLforSebastian/py
2020-08-11 12:57:06,548::[INFO]::util::224 — [pnl]
2020-08-11 12:57:06,548::[INFO]::util::227 — csvflushinterval=100
2020-08-11 12:57:06,548::[INFO]::util::227 — lmallorderpfx=LMallorders_
2020-08-11 12:57:06,548::[INFO]::util::227 — lmallordersfx=csv
2020-08-11 12:57:06,548::[INFO]::util::227 — lminventorypfx=LMinventory_
2020-08-11 12:57:06,548::[INFO]::util::227 — lminventorysfx=csv
2020-08-11 12:57:06,549::[INFO]::util::227 — lmorderbookpfx=LMorderbook_
2020-08-11 12:57:06,549::[INFO]::util::227 — lmorderbooksfx=csv
2020-08-11 12:57:06,549::[INFO]::util::227 — lmtickssimruns=100
2020-08-11 12:57:06,549::[INFO]::util::227 — lmtickswarmups=500
2020-08-11 12:57:06,549::[INFO]::util::227 — lmtraderctpfx=LMtradercts_
2020-08-11 12:57:06,549::[INFO]::util::227 — lmtraderctsfx=csv
2020-08-11 12:57:06,549::[INFO]::util::227 — logdebug=10
2020-08-11 12:57:06,549::[INFO]::util::227 — logdir=/home/sb/projects/econ-ark/markets/PNLforSebastian/out/logs
2020-08-11 12:57:06,549::[INFO]::util::227 — logerror=40
2020-08-11 12:57:06,549::[INFO]::util::227 — logfatal=50
2020-08-11 12:57:06,549::[INFO]::util::227 — logfilepfx=LM_
2020-08-11 12:57:06,549::[INFO]::util::227 — logfilesfx=log
2020-08-11 12:57:06,549::[INFO]::util::227 — logformat=%(asctime)s::[%(levelname)s]::%(module)s::%(lineno)d — %(message)s
2020-08-11 12:57:06,549::[INFO]::util::227 — loginfo=20
2020-08-11 12:57:06,549::[INFO]::util::227 — loglevel=DEBUG
2020-08-11 12:57:06,549::[INFO]::util::227 — lognotset=0
2020-08-11 12:57:06,550::[INFO]::util::227 — logwarn=30
2020-08-11 12:57:06,550::[INFO]::util::227 — nlfilename=LiquidityModelPNL.nlogo
2020-08-11 12:57:06,550::[INFO]::util::227 — nlhomedir=/home/sb/projects/econ-ark/markets/netlogo-5.3.1-64/
2020-08-11 12:57:06,550::[INFO]::util::227 — nliqsup=90
2020-08-11 12:57:06,550::[INFO]::util::227 — nlmodeldir=/home/sb/projects/econ-ark/markets/HARK_ABM_INTRO/
2020-08-11 12:57:06,550::[INFO]::util::227 — nlver=5
2020-08-11 12:57:06,550::[INFO]::util::227 — nmktmkr=5
2020-08-11 12:57:06,550::[INFO]::util::227 — parallelcores=6
2020-08-11 12:57:06,550::[INFO]::util::227 — pythondir=/home/sb/projects/econ-ark/markets/PNLforSebastian/py
2020-08-11 12:57:06,550::[INFO]::util::228 — --------------------------------------------------------------
2020-08-11 12:57:06,550::[WARNING]::pnl::47 — NetLogoLink: /home/sb/projects/econ-ark/markets/netlogo-5.3.1-64/
2020-08-11 12:57:06,550::[WARNING]::pnl::48 — NetLogoLink version: 5
2020-08-11 12:57:07,807::[WARNING]::pnl::55 — NetLogo model: /home/sb/projects/econ-ark/markets/HARK_ABM_INTRO/LiquidityModelPNL.nlogo
